<?xml version="1.0" encoding="UTF-8"?>
<testsuite name="com.pseuco.np21.shared.SingleAntFuzzingDies" tests="1" skipped="0" failures="0" errors="0" timestamp="2022-04-13T21:16:45" hostname="DESKTOP-13VUG62" time="0.049">
  <properties/>
  <testcase name="run()" classname="com.pseuco.np21.shared.SingleAntFuzzingDies" time="0.049"/>
  <system-out><![CDATA[############ Logging method invocation #1 on mock/spy ########
recorder.start();
   invoked: -> at com.pseuco.np21.Simulator.run(Simulator.java:49)
   has returned: "null"

############ Logging method invocation #2 on mock/spy ########
recorder.spawn(
    Ant{name='Anthony', impatience=2, disguise=1}
);
   invoked: -> at com.pseuco.np21.Ant.run(Ant.java:264)
   has returned: "null"

############ Logging method invocation #3 on mock/spy ########
recorder.enter(
    Ant{name='Anthony', impatience=2, disguise=1},
    Clearing{name='Hill', trails=1, initialFood=0, capacity=âˆž}
);
   invoked: -> at com.pseuco.np21.Ant.run(Ant.java:266)
   has returned: "null"

############ Logging method invocation #4 on mock/spy ########
recorder.startFoodSearch(
    Ant{name='Anthony', impatience=2, disguise=1}
);
   invoked: -> at com.pseuco.np21.Ant.run(Ant.java:271)
   has returned: "null"

############ Logging method invocation #5 on mock/spy ########
recorder.select(
    Ant{name='Anthony', impatience=2, disguise=1},
    Trail{from='Hill', to='Deathtrap'},
    [Trail{from='Hill', to='Deathtrap'}],
    FOOD_SEARCH
);
   invoked: -> at com.pseuco.np21.Ant.forwardMoving(Ant.java:183)
   has returned: "null"

############ Logging method invocation #6 on mock/spy ########
recorder.enter(
    Ant{name='Anthony', impatience=2, disguise=1},
    Trail{from='Hill', to='Deathtrap'}
);
   invoked: -> at com.pseuco.np21.AntRunHandler.EnterTrailRecorderStuff(AntRunHandler.java:68)
   has returned: "null"

############ Logging method invocation #7 on mock/spy ########
recorder.leave(
    Ant{name='Anthony', impatience=2, disguise=1},
    Clearing{name='Hill', trails=1, initialFood=0, capacity=âˆž}
);
   invoked: -> at com.pseuco.np21.AntRunHandler.EnterTrailRecorderStuff(AntRunHandler.java:69)
   has returned: "null"

############ Logging method invocation #8 on mock/spy ########
recorder.attractAttention(
    Ant{name='Anthony', impatience=2, disguise=1}
);
   invoked: -> at com.pseuco.np21.AntRunHandler.recorderStuffDeadDespawn(AntRunHandler.java:34)
   has returned: "null"

############ Logging method invocation #9 on mock/spy ########
recorder.leave(
    Ant{name='Anthony', impatience=2, disguise=1},
    Trail{from='Hill', to='Deathtrap'}
);
   invoked: -> at com.pseuco.np21.AntRunHandler.recorderStuffDeadDespawn(AntRunHandler.java:35)
   has returned: "null"

############ Logging method invocation #10 on mock/spy ########
recorder.despawn(
    Ant{name='Anthony', impatience=2, disguise=1},
    DISCOVERED_AND_EATEN
);
   invoked: -> at com.pseuco.np21.AntRunHandler.recorderStuffDeadDespawn(AntRunHandler.java:36)
   has returned: "null"

############ Logging method invocation #11 on mock/spy ########
recorder.stop();
   invoked: -> at com.pseuco.np21.Simulator.run(Simulator.java:75)
   has returned: "null"

############ Logging method invocation #12 on mock/spy ########
recorder.start();
   invoked: -> at com.pseuco.np21.shared.SingleAntFuzzingDies.run(SingleAntFuzzingDies.java:86)
   has returned: "null"

############ Logging method invocation #13 on mock/spy ########
recorder.spawn(null);
   invoked: -> at com.pseuco.np21.shared.SingleAntFuzzingDies.run(SingleAntFuzzingDies.java:87)
   has returned: "null"

############ Logging method invocation #14 on mock/spy ########
recorder.enter(null, null);
   invoked: -> at com.pseuco.np21.shared.SingleAntFuzzingDies.run(SingleAntFuzzingDies.java:88)
   has returned: "null"

############ Logging method invocation #15 on mock/spy ########
recorder.startFoodSearch(null);
   invoked: -> at com.pseuco.np21.shared.SingleAntFuzzingDies.run(SingleAntFuzzingDies.java:89)
   has returned: "null"

############ Logging method invocation #16 on mock/spy ########
recorder.select(null, null, null, null);
   invoked: -> at com.pseuco.np21.shared.SingleAntFuzzingDies.run(SingleAntFuzzingDies.java:93)
   has returned: "null"

############ Logging method invocation #17 on mock/spy ########
recorder.enter(
    Ant{name='Anthony', impatience=2, disguise=1},
    Trail{from='Hill', to='Deathtrap'}
);
   invoked: -> at com.pseuco.np21.shared.SingleAntFuzzingDies.run(SingleAntFuzzingDies.java:94)
   has returned: "null"

############ Logging method invocation #18 on mock/spy ########
recorder.leave(
    Ant{name='Anthony', impatience=2, disguise=1},
    Clearing{name='Hill', trails=1, initialFood=0, capacity=âˆž}
);
   invoked: -> at com.pseuco.np21.shared.SingleAntFuzzingDies.run(SingleAntFuzzingDies.java:95)
   has returned: "null"

############ Logging method invocation #19 on mock/spy ########
recorder.attractAttention(
    Ant{name='Anthony', impatience=2, disguise=1}
);
   invoked: -> at com.pseuco.np21.shared.SingleAntFuzzingDies.run(SingleAntFuzzingDies.java:98)
   has returned: "null"

############ Logging method invocation #20 on mock/spy ########
recorder.leave(
    Ant{name='Anthony', impatience=2, disguise=1},
    Trail{from='Hill', to='Deathtrap'}
);
   invoked: -> at com.pseuco.np21.shared.SingleAntFuzzingDies.run(SingleAntFuzzingDies.java:99)
   has returned: "null"

############ Logging method invocation #21 on mock/spy ########
recorder.despawn(
    Ant{name='Anthony', impatience=2, disguise=1},
    DISCOVERED_AND_EATEN
);
   invoked: -> at com.pseuco.np21.shared.SingleAntFuzzingDies.run(SingleAntFuzzingDies.java:100)
   has returned: "null"

############ Logging method invocation #22 on mock/spy ########
recorder.stop();
   invoked: -> at com.pseuco.np21.shared.SingleAntFuzzingDies.run(SingleAntFuzzingDies.java:102)
   has returned: "null"

]]></system-out>
  <system-err><![CDATA[java.lang.InterruptedException
	at com.pseuco.np21.AntRunHandler.handleEnterClearingFoodSearch(AntRunHandler.java:109)
	at com.pseuco.np21.Ant.forwardMoving(Ant.java:198)
	at com.pseuco.np21.Ant.run(Ant.java:272)
	at java.base/java.lang.Thread.run(Thread.java:831)
]]></system-err>
</testsuite>
