<?xml version="1.0" encoding="UTF-8"?>
<testsuite name="com.pseuco.np21.shared.SimpleValidatorTest" tests="1" skipped="0" failures="0" errors="0" timestamp="2022-04-13T21:16:45" hostname="DESKTOP-13VUG62" time="0.079">
  <properties/>
  <testcase name="run()" classname="com.pseuco.np21.shared.SimpleValidatorTest" time="0.079"/>
  <system-out><![CDATA[]]></system-out>
  <system-err><![CDATA[java.lang.InterruptedException
	at com.pseuco.np21.AntRunHandler.EnterTrailRecorderStuff(AntRunHandler.java:84)
	at com.pseuco.np21.AntRunHandler.GoBackByNoFoodReturn(AntRunHandler.java:160)
	at com.pseuco.np21.Ant.forwardMoving(Ant.java:247)
	at com.pseuco.np21.Ant.forwardMoving(Ant.java:225)
	at com.pseuco.np21.Ant.forwardMoving(Ant.java:225)
	at com.pseuco.np21.Ant.forwardMoving(Ant.java:225)
	at com.pseuco.np21.Ant.run(Ant.java:272)
	at java.base/java.lang.Thread.run(Thread.java:831)
java.lang.InterruptedException
	at com.pseuco.np21.AntRunHandler.handleEnterClearingFoodSearch(AntRunHandler.java:109)
	at com.pseuco.np21.Ant.forwardMoving(Ant.java:198)
	at com.pseuco.np21.Ant.forwardMoving(Ant.java:225)
	at com.pseuco.np21.Ant.run(Ant.java:272)
	at java.base/java.lang.Thread.run(Thread.java:831)
]]></system-err>
</testsuite>
